<?xml version="1.0" encoding="UTF-8"?>
<!-- Generated by org.testng.reporters.JUnitXMLReporter -->
<testsuite ignored="4" hostname="rganjare" failures="0" tests="5" name="Test" time="76.546" errors="0" timestamp="2023-05-07T23:13:26 BST">
  <testcase classname="com.bymatAutomation.modulename.testcases.VerifyHomePageOfBymatAutomation" name="verifyHomePageOfBYMATAutomation" time="4.222"/>
  <testcase classname="com.bymatAutomation.modulename.testcases.VerifyHomePageOfBymatAutomation1" name="verifyHomePageOfBYMATAutomation01" time="4.212"/>
  <testcase classname="com.bymatAutomation.modulename.testcases.VerifyHomePageOfBymatAutomation2" name="verifyHomePageOfBYMATAutomation02" time="3.991"/>
  <testcase classname="com.bymatAutomation.modulename.testcases.VerifyHomePageOfBymatAutomation3" name="verifyHomePageOfBYMATAutomation03" time="4.688"/>
  <testcase classname="com.bymatAutomation.modulename.testcases.VerifyHomePageOfBymatAutomation4" name="verifyHomePageOfBYMATAutomation04" time="4.391"/>
  <testcase classname="com.bymatAutomation.modulename.testbase.TestBase" name="@BeforeSuite setup" time="0.0">
    <ignored/>
  </testcase> <!-- @BeforeSuite setup -->
  <testcase classname="com.bymatAutomation.modulename.testbase.TestBase" name="@BeforeSuite setup" time="0.0">
    <ignored/>
  </testcase> <!-- @BeforeSuite setup -->
  <testcase classname="com.bymatAutomation.modulename.testbase.TestBase" name="@BeforeSuite setup" time="0.0">
    <ignored/>
  </testcase> <!-- @BeforeSuite setup -->
  <testcase classname="com.bymatAutomation.modulename.testbase.TestBase" name="@BeforeSuite setup" time="0.0">
    <ignored/>
  </testcase> <!-- @BeforeSuite setup -->
</testsuite> <!-- Test -->
