<?xml version="1.0" encoding="UTF-8"?>
<!-- Generated by org.testng.reporters.JUnitXMLReporter -->
<testsuite ignored="12" hostname="rganjare" failures="0" tests="7" name="Test" time="42.579" errors="0" timestamp="23 Jun 2023 19:27:49 GMT">
  <testcase classname="com.bymatAutomation.modulename.testcases.RegisterUserForTheSeleniumTraining4" name="@BeforeClass isSkip" time="0.001">
    <skipped/>
  </testcase> <!-- @BeforeClass isSkip -->
  <testcase classname="com.bymatAutomation.modulename.testcases.RegisterUserForTheSeleniumTraining5" name="@BeforeClass isSkip" time="0.001">
    <skipped/>
  </testcase> <!-- @BeforeClass isSkip -->
  <testcase classname="com.bymatAutomation.modulename.testcases.VerifyHomePageOfBymatAutomation" name="verifyHomePageOfBYMATAutomation" time="6.196"/>
  <testcase classname="com.bymatAutomation.modulename.testcases.VerifyHomePageOfBymatAutomation1" name="verifyHomePageOfBYMATAutomation1" time="5.164"/>
  <testcase classname="com.bymatAutomation.modulename.testcases.RegisterUserForTheSeleniumTraining" name="registerUserForTheSeleniumTraining" time="6.067"/>
  <testcase classname="com.bymatAutomation.modulename.testcases.RegisterUserForTheSeleniumTraining2" name="registerUserForTheSeleniumTraining2" time="5.854"/>
  <testcase classname="com.bymatAutomation.modulename.testcases.RegisterUserForTheSeleniumTraining3" name="registerUserForTheSeleniumTraining3" time="7.197"/>
  <testcase classname="com.bymatAutomation.modulename.testcases.RegisterUserForTheSeleniumTraining4" name="registerUserForTheSeleniumTraining4" time="0.0">
    <skipped/>
  </testcase> <!-- registerUserForTheSeleniumTraining4 -->
  <testcase classname="com.bymatAutomation.modulename.testcases.RegisterUserForTheSeleniumTraining5" name="registerUserForTheSeleniumTraining5" time="0.0">
    <skipped/>
  </testcase> <!-- registerUserForTheSeleniumTraining5 -->
  <testcase classname="com.bymatAutomation.modulename.testbase.TestBase" name="@BeforeSuite setup" time="0.0">
    <ignored/>
  </testcase> <!-- @BeforeSuite setup -->
  <testcase classname="com.bymatAutomation.modulename.testbase.TestBase" name="@BeforeSuite setup" time="0.0">
    <ignored/>
  </testcase> <!-- @BeforeSuite setup -->
  <testcase classname="com.bymatAutomation.modulename.testbase.TestBase" name="@BeforeSuite setup" time="0.0">
    <ignored/>
  </testcase> <!-- @BeforeSuite setup -->
  <testcase classname="com.bymatAutomation.modulename.testbase.TestBase" name="@BeforeSuite setup" time="0.0">
    <ignored/>
  </testcase> <!-- @BeforeSuite setup -->
  <testcase classname="com.bymatAutomation.modulename.testbase.TestBase" name="@BeforeSuite setup" time="0.0">
    <ignored/>
  </testcase> <!-- @BeforeSuite setup -->
  <testcase classname="com.bymatAutomation.modulename.testbase.TestBase" name="@BeforeSuite setup" time="0.0">
    <ignored/>
  </testcase> <!-- @BeforeSuite setup -->
  <testcase classname="com.bymatAutomation.modulename.testbase.TestBase" name="@AfterSuite endTest" time="0.0">
    <ignored/>
  </testcase> <!-- @AfterSuite endTest -->
  <testcase classname="com.bymatAutomation.modulename.testbase.TestBase" name="@AfterSuite endTest" time="0.0">
    <ignored/>
  </testcase> <!-- @AfterSuite endTest -->
  <testcase classname="com.bymatAutomation.modulename.testbase.TestBase" name="@AfterSuite endTest" time="0.0">
    <ignored/>
  </testcase> <!-- @AfterSuite endTest -->
  <testcase classname="com.bymatAutomation.modulename.testbase.TestBase" name="@AfterSuite endTest" time="0.0">
    <ignored/>
  </testcase> <!-- @AfterSuite endTest -->
  <testcase classname="com.bymatAutomation.modulename.testbase.TestBase" name="@AfterSuite endTest" time="0.0">
    <ignored/>
  </testcase> <!-- @AfterSuite endTest -->
  <testcase classname="com.bymatAutomation.modulename.testbase.TestBase" name="@AfterSuite endTest" time="0.0">
    <ignored/>
  </testcase> <!-- @AfterSuite endTest -->
</testsuite> <!-- Test -->
